\BOOKMARK [0][-]{chapter*.1}{\376\377\122\330\000\040\000\040\213\357\000\040\000\040\210\150}{}% 1
\BOOKMARK [0][-]{chapter*.2}{\376\377\201\364\000\040\000\040\214\042}{}% 2
\BOOKMARK [0][-]{chapter*.3}{\376\377\136\217\000\040\000\040\212\000}{}% 3
\BOOKMARK [0][-]{chapter*.4}{\376\377\144\130\000\040\000\040\211\201}{}% 4
\BOOKMARK [0][-]{chapter*.5}{\376\377\000A\000b\000s\000t\000r\000a\000c\000t}{}% 5
\BOOKMARK [0][-]{chapter*.6}{\376\377\143\322\126\376}{}% 6
\BOOKMARK [0][-]{chapter*.7}{\376\377\210\150\150\074}{}% 7
\BOOKMARK [0][-]{chapter*.8}{\376\377\177\051\121\231\060\001\173\046\123\367\156\005\123\125\060\001\147\057\213\355\210\150}{}% 8
\BOOKMARK [0][-]{chapter*.9}{\376\377\166\356\137\125}{}% 9
\BOOKMARK [0][-]{chapter.1}{\376\377\0001\000\040\000\040\173\200\116\313}{}% 10
\BOOKMARK [1][-]{section.1.1}{\376\377\0001\000.\0001\000\040\116\072\116\300\116\110}{chapter.1}% 11
\BOOKMARK [1][-]{section.1.2}{\376\377\0001\000.\0002\000\040\152\041\162\110\173\200\116\313}{chapter.1}% 12
\BOOKMARK [2][-]{subsection.1.2.1}{\376\377\0001\000.\0002\000.\0001\000\040\000L\000a\000T\000e\000X\173\200\116\313}{section.1.2}% 13
\BOOKMARK [2][-]{subsection.1.2.2}{\376\377\0001\000.\0002\000.\0002\000\040\152\041\162\110\121\205\133\271}{section.1.2}% 14
\BOOKMARK [0][-]{chapter.2}{\376\377\0002\000\040\000\040\217\157\116\366\163\257\130\203\123\312\213\276\177\156}{}% 15
\BOOKMARK [1][-]{section.2.1}{\376\377\0002\000.\0001\000\040\000M\000i\000c\000r\000o\000s\000o\000f\000t\000\040\000W\000i\000n\000d\000o\000w\000s\174\373\176\337}{chapter.2}% 16
\BOOKMARK [2][-]{subsection.2.1.1}{\376\377\0002\000.\0001\000.\0001\000\040\0003\0002\117\115\174\373\176\337}{section.2.1}% 17
\BOOKMARK [2][-]{subsection.2.1.2}{\376\377\0002\000.\0001\000.\0002\000\040\0006\0004\117\115\174\373\176\337}{section.2.1}% 18
\BOOKMARK [1][-]{section.2.2}{\376\377\0002\000.\0002\000\040\000l\000i\000n\000u\000x\174\373\176\337}{chapter.2}% 19
\BOOKMARK [1][-]{section.2.3}{\376\377\0002\000.\0003\000\040\000M\000a\000c\174\373\176\337}{chapter.2}% 20
\BOOKMARK [1][-]{section.2.4}{\376\377\0002\000.\0004\000\040\147\054\152\041\162\110\142\100\227\000\211\201\166\204\142\151\134\125\123\005}{chapter.2}% 21
\BOOKMARK [1][-]{section.2.5}{\376\377\0002\000.\0005\000\040\155\113\213\325\217\320\210\114}{chapter.2}% 22
\BOOKMARK [0][-]{chapter.3}{\376\377\0003\000\040\000\040\117\177\165\050\213\345\152\041\162\110}{}% 23
\BOOKMARK [1][-]{section.3.1}{\376\377\0003\000.\0001\000\040\152\041\162\110\220\011\230\171}{chapter.3}% 24
\BOOKMARK [1][-]{section.3.2}{\376\377\0003\000.\0002\000\040\213\272\145\207\134\001\227\142\230\230\124\015\117\341\140\157}{chapter.3}% 25
\BOOKMARK [1][-]{section.3.3}{\376\377\0003\000.\0003\000\040\133\236\142\030\377\032\165\037\142\020\201\352\135\361\166\204\213\272\145\207\173\054\116\000\230\165}{chapter.3}% 26
\BOOKMARK [1][-]{section.3.4}{\376\377\0003\000.\0004\000\040\133\214\142\020\230\230\124\015\230\165\117\341\140\157}{chapter.3}% 27
\BOOKMARK [1][-]{section.3.5}{\376\377\0003\000.\0005\000\040\153\143\145\207\220\350\122\006\124\004\172\340\202\202\166\204\116\146\121\231}{chapter.3}% 28
\BOOKMARK [2][-]{subsection.3.5.1}{\376\377\0003\000.\0005\000.\0001\000\040\122\330\213\357\230\165}{section.3.5}% 29
\BOOKMARK [2][-]{subsection.3.5.2}{\376\377\0003\000.\0005\000.\0002\000\040\201\364\214\042}{section.3.5}% 30
\BOOKMARK [2][-]{subsection.3.5.3}{\376\377\0003\000.\0005\000.\0003\000\040\136\217\212\000}{section.3.5}% 31
\BOOKMARK [2][-]{subsection.3.5.4}{\376\377\0003\000.\0005\000.\0004\000\040\144\130\211\201}{section.3.5}% 32
\BOOKMARK [2][-]{subsection.3.5.5}{\376\377\0003\000.\0005\000.\0005\000\040\202\361\145\207\144\130\211\201}{section.3.5}% 33
\BOOKMARK [2][-]{subsection.3.5.6}{\376\377\0003\000.\0005\000.\0006\000\040\126\376\162\107\166\356\137\125}{section.3.5}% 34
\BOOKMARK [2][-]{subsection.3.5.7}{\376\377\0003\000.\0005\000.\0007\000\040\210\150\150\074\166\356\137\125}{section.3.5}% 35
\BOOKMARK [2][-]{subsection.3.5.8}{\376\377\0003\000.\0005\000.\0008\000\040\177\051\121\231\060\001\173\046\123\367\156\005\123\125\060\001\147\057\213\355\210\150}{section.3.5}% 36
\BOOKMARK [2][-]{subsection.3.5.9}{\376\377\0003\000.\0005\000.\0009\000\040\166\356\137\125}{section.3.5}% 37
\BOOKMARK [2][-]{subsection.3.5.10}{\376\377\0003\000.\0005\000.\0001\0000\000\040\153\143\145\207\172\340\202\202\121\205\133\271}{section.3.5}% 38
\BOOKMARK [2][-]{subsection.3.5.11}{\376\377\0003\000.\0005\000.\0001\0001\000\040\123\302\200\003\145\207\163\056}{section.3.5}% 39
\BOOKMARK [2][-]{subsection.3.5.12}{\376\377\0003\000.\0005\000.\0001\0002\000\040\226\104\137\125}{section.3.5}% 40
\BOOKMARK [2][-]{subsection.3.5.13}{\376\377\0003\000.\0005\000.\0001\0003\000\040\175\042\137\025}{section.3.5}% 41
\BOOKMARK [2][-]{subsection.3.5.14}{\376\377\0003\000.\0005\000.\0001\0004\000\040\116\052\116\272\173\200\123\206}{section.3.5}% 42
\BOOKMARK [2][-]{subsection.3.5.15}{\376\377\0003\000.\0005\000.\0001\0005\000\040\123\321\210\150\145\207\172\340\166\356\137\125}{section.3.5}% 43
\BOOKMARK [1][-]{section.3.6}{\376\377\0003\000.\0006\000\040\143\322\121\145\126\376\162\107}{chapter.3}% 44
\BOOKMARK [2][-]{subsection.3.6.1}{\376\377\0003\000.\0006\000.\0001\000\040\143\322\121\145\126\376\162\107\166\204\136\224\165\050\217\333\226\066}{section.3.6}% 45
\BOOKMARK [2][-]{subsection.3.6.2}{\376\377\0003\000.\0006\000.\0002\000\040\133\120\126\376\166\204\117\177\165\050}{section.3.6}% 46
\BOOKMARK [1][-]{section.3.7}{\376\377\0003\000.\0007\000\040\143\322\121\145\210\150\150\074}{chapter.3}% 47
\BOOKMARK [2][-]{subsection.3.7.1}{\376\377\0003\000.\0007\000.\0001\000\040\146\156\220\032\210\150\150\074\166\204\143\322\121\145}{section.3.7}% 48
\BOOKMARK [2][-]{subsection.3.7.2}{\376\377\0003\000.\0007\000.\0002\000\040\142\212\210\150\150\074\143\142\116\052\150\067\137\017}{section.3.7}% 49
\BOOKMARK [2][-]{subsection.3.7.3}{\376\377\0003\000.\0007\000.\0003\000\040\147\011\123\125\121\103\150\074\124\010\136\166\166\204\210\150\150\074}{section.3.7}% 50
\BOOKMARK [2][-]{subsection.3.7.4}{\376\377\0003\000.\0007\000.\0004\000\040\121\166\133\203\232\330\176\247\210\150\150\074\150\074\137\017\123\312\142\151\134\125\123\005\173\200\116\313}{section.3.7}% 51
\BOOKMARK [1][-]{section.3.8}{\376\377\0003\000.\0008\000\040\121\154\137\017\123\312\121\166\177\026\123\367}{chapter.3}% 52
\BOOKMARK [1][-]{section.3.9}{\376\377\0003\000.\0009\000\040\175\042\137\025}{chapter.3}% 53
\BOOKMARK [1][-]{section.3.10}{\376\377\0003\000.\0001\0000\000\040\123\302\200\003\145\207\163\056}{chapter.3}% 54
\BOOKMARK [1][-]{section.3.11}{\376\377\0003\000.\0001\0001\000\040\201\032\154\350}{chapter.3}% 55
\BOOKMARK [1][-]{section.3.12}{\376\377\0003\000.\0001\0002\000\040\221\315\160\271\133\127\173\046\377\014\221\222\166\356\150\007\171\072}{chapter.3}% 56
\BOOKMARK [0][-]{chapter.4}{\376\377\0004\000\040\000\040\116\000\116\233\117\177\165\050\142\200\135\347}{}% 57
\BOOKMARK [1][-]{section.4.1}{\376\377\0004\000.\0001\000\040\217\157\116\366\117\177\165\050\142\200\135\347}{chapter.4}% 58
\BOOKMARK [1][-]{section.4.2}{\376\377\0004\000.\0002\000\040\143\250\203\120\166\204\000T\000e\000X\121\306\142\100\211\301\142\100\137\227\177\026\217\221\126\150}{chapter.4}% 59
\BOOKMARK [0][-]{chapter.5}{\376\377\0005\000\040\000\040\123\302\200\003\145\207\163\056\150\074\137\017\131\004\164\006}{}% 60
\BOOKMARK [1][-]{section.5.1}{\376\377\0005\000.\0001\000\040\116\000\202\054\131\004\164\006\145\271\150\110}{chapter.5}% 61
\BOOKMARK [1][-]{section.5.2}{\376\377\0005\000.\0002\000\040\116\023\116\032\131\004\164\006\145\271\150\110}{chapter.5}% 62
\BOOKMARK [1][-]{section.5.3}{\376\377\0005\000.\0003\000\040\123\302\200\003\215\104\145\231}{chapter.5}% 63
\BOOKMARK [1][-]{section.5.4}{\376\377\0005\000.\0004\000\040\000L\000a\000T\000e\000X\123\302\200\003\145\207\163\056\176\304\176\307\140\035\215\357}{chapter.5}% 64
\BOOKMARK [1][-]{section.5.5}{\376\377\0005\000.\0005\000\040\131\202\117\125\213\251\000B\000i\000b\000T\000e\000X\143\011\117\140\166\204\140\363\154\325\136\162\155\073}{chapter.5}% 65
\BOOKMARK [1][-]{section.5.6}{\376\377\0005\000.\0006\000\040\121\163\225\056\142\100\127\050\377\032\000*\000.\000b\000s\000t\145\207\116\366}{chapter.5}% 66
\BOOKMARK [2][-]{subsection.5.6.1}{\376\377\0005\000.\0006\000.\0001\000\040\000b\000s\000t\145\207\116\366\166\204\176\323\147\204}{section.5.6}% 67
\BOOKMARK [2][-]{subsection.5.6.2}{\376\377\0005\000.\0006\000.\0002\000\040\000B\000i\000b\000T\000e\000X\177\026\172\013\166\204\211\304\122\031}{section.5.6}% 68
\BOOKMARK [2][-]{subsection.5.6.3}{\376\377\0005\000.\0006\000.\0003\000\040\000b\000s\000t\145\207\116\366\166\204\214\003\213\325\142\200\135\347}{section.5.6}% 69
\BOOKMARK [1][-]{section.5.7}{\376\377\0005\000.\0007\000\040\000*\000.\000m\000b\000s\116\016\000*\000.\000d\000b\000j\145\207\116\366}{chapter.5}% 70
\BOOKMARK [2][-]{subsection.5.7.1}{\376\377\0005\000.\0007\000.\0001\000\040\116\000\202\054\166\204\000b\000s\000t\145\207\116\366\166\204\165\037\142\020\217\307\172\013}{section.5.7}% 71
\BOOKMARK [2][-]{subsection.5.7.2}{\376\377\0005\000.\0007\000.\0002\000\040\147\011\142\100\116\015\124\014\166\204\154\350\221\312\145\271\137\017}{section.5.7}% 72
\BOOKMARK [2][-]{subsection.5.7.3}{\376\377\0005\000.\0007\000.\0003\000\040\226\306\131\047\142\020\166\204\000*\000.\000m\000b\000s\145\207\116\366}{section.5.7}% 73
\BOOKMARK [2][-]{subsection.5.7.4}{\376\377\0005\000.\0007\000.\0004\000\040\000*\000.\000d\000b\000j\220\011\230\171\145\207\116\366}{section.5.7}% 74
\BOOKMARK [0][-]{chapter.6}{\376\377\0006\000\040\000\040\121\166\116\326\116\000\116\233\123\315\231\210\166\204\225\356\230\230}{}% 75
\BOOKMARK [1][-]{section.6.1}{\376\377\0006\000.\0001\000\040\121\163\116\216\117\177\165\050\000a\000u\000t\000h\000o\000r\000\040\000y\000e\000a\000r\000\040\123\302\200\003\145\207\163\056\137\025\165\050\145\271\137\017\166\204\225\356\230\230}{chapter.6}% 76
\BOOKMARK [1][-]{section.6.2}{\376\377\0006\000.\0002\000\040\121\163\116\216\000c\000h\000a\000p\000t\000e\000r\134\105\116\055\150\074\137\017\166\204\225\356\230\230}{chapter.6}% 77
\BOOKMARK [1][-]{section.6.3}{\376\377\0006\000.\0003\000\040\121\163\116\216\172\340\176\247\166\356\137\125\147\011\145\366\134\105\116\055\147\011\145\366\116\015\134\105\116\055\166\204\211\343\121\263\145\271\150\110}{chapter.6}% 78
\BOOKMARK [1][-]{section.6.4}{\376\377\0006\000.\0004\000\040\121\163\116\216\150\007\230\230\116\044\210\114\217\330\121\231\116\015\116\013\166\204\225\356\230\230}{chapter.6}% 79
\BOOKMARK [1][-]{section.6.5}{\376\377\0006\000.\0005\000\040\166\356\137\125\134\102\153\041\116\016\133\120\166\356\137\125\122\006\134\102\177\051\217\333}{chapter.6}% 80
\BOOKMARK [1][-]{section.6.6}{\376\377\0006\000.\0006\000\040\121\163\116\216\122\006\172\340\123\302\200\003\145\207\163\056\166\204\165\050\154\325}{chapter.6}% 81
\BOOKMARK [1][-]{section.6.7}{\376\377\0006\000.\0007\000\040\173\054\000X\172\340\150\074\137\017\166\204\117\356\145\071}{chapter.6}% 82
\BOOKMARK [2][-]{subsection.6.7.1}{\376\377\0006\000.\0007\000.\0001\000\040\124\016\176\355\117\356\213\242\213\364\146\016}{section.6.7}% 83
\BOOKMARK [1][-]{section.6.8}{\376\377\0006\000.\0008\000\040\131\032\116\052\123\302\200\003\145\207\163\056\145\207\116\055\150\007\150\074\137\017}{chapter.6}% 84
\BOOKMARK [1][-]{section.6.9}{\376\377\0006\000.\0009\000\040\121\163\116\216\153\317\116\000\172\340\150\007\230\230\131\064\116\012\166\204\172\172\166\175\220\350\122\006}{chapter.6}% 85
\BOOKMARK [1][-]{section.6.10}{\376\377\0006\000.\0001\0000\000\040\000G\000B\000K\116\016\000U\000T\000F\162\110\147\054\166\204\225\356\230\230}{chapter.6}% 86
\BOOKMARK [1][-]{section.6.11}{\376\377\0006\000.\0001\0001\000\040\0002\0000\0001\0006\136\164\145\260\162\110\000C\000T\000e\000X\166\204\225\356\230\230}{chapter.6}% 87
\BOOKMARK [1][-]{section.6.12}{\376\377\0006\000.\0001\0002\000\040\227\136\153\143\145\207\220\350\122\006\116\015\136\046\230\165\167\011\166\204\145\271\154\325}{chapter.6}% 88
\BOOKMARK [1][-]{section.6.13}{\376\377\0006\000.\0001\0003\000\040\173\054\116\011\145\271\166\204\123\302\200\003\145\207\163\056\152\041\147\177}{chapter.6}% 89
\BOOKMARK [1][-]{section.6.14}{\376\377\0006\000.\0001\0004\000\040\121\163\116\216\117\177\165\050\000U\000T\000F\000-\0008\162\110\145\366\116\055\145\207\133\127\117\123\116\015\200\375\122\240\174\227\166\204\225\356\230\230}{chapter.6}% 90
\BOOKMARK [0][-]{chapter.7}{\376\377\0007\000\040\000\040\000b\000e\000a\000m\000e\000r\166\204\117\177\165\050}{}% 91
\BOOKMARK [1][-]{section.7.1}{\376\377\0007\000.\0001\000\040\152\041\162\110\135\345\121\167\123\005}{chapter.7}% 92
\BOOKMARK [1][-]{section.7.2}{\376\377\0007\000.\0002\000\040\150\007\230\230\123\312\117\134\200\005\173\111}{chapter.7}% 93
\BOOKMARK [1][-]{section.7.3}{\376\377\0007\000.\0003\000\040\153\143\145\207\220\350\122\006}{chapter.7}% 94
\BOOKMARK [2][-]{subsection.7.3.1}{\376\377\0007\000.\0003\000.\0001\000\040\230\230\166\356\230\165}{section.7.3}% 95
\BOOKMARK [2][-]{subsection.7.3.2}{\376\377\0007\000.\0003\000.\0002\000\040\166\356\137\125\230\165}{section.7.3}% 96
\BOOKMARK [2][-]{subsection.7.3.3}{\376\377\0007\000.\0003\000.\0003\000\040\153\143\145\207\230\165}{section.7.3}% 97
\BOOKMARK [2][-]{subsection.7.3.4}{\376\377\0007\000.\0003\000.\0004\000\040\000b\000l\000o\000c\000k\163\257\130\203}{section.7.3}% 98
\BOOKMARK [2][-]{subsection.7.3.5}{\376\377\0007\000.\0003\000.\0005\000\040\143\322\121\145\126\376\162\107}{section.7.3}% 99
\BOOKMARK [2][-]{subsection.7.3.6}{\376\377\0007\000.\0003\000.\0006\000\040\143\322\121\145\210\150\150\074}{section.7.3}% 100
\BOOKMARK [1][-]{section.7.4}{\376\377\0007\000.\0004\000\040\122\250\140\001\145\110\147\234}{chapter.7}% 101
\BOOKMARK [0][-]{appendix*.36}{\376\377\226\104\137\125\000A}{}% 102
\BOOKMARK [0][-]{appendix*.37}{\376\377\226\104\137\125\000B}{}% 103
\BOOKMARK [0][-]{appendix*.39}{\376\377\117\134\200\005\173\200\123\206}{}% 104
\BOOKMARK [0][-]{appendix*.40}{\376\377\123\321\210\150\145\207\172\340\166\356\137\125}{}% 105
